<?xml version="1.0" encoding="UTF-8"?>
<testsuite name="libraries.LibraryTest" tests="1" skipped="0" failures="0" errors="0" timestamp="2022-02-23T08:40:46" hostname="Filips-Air.lan" time="0.001">
  <properties/>
  <testcase name="someLibraryMethodReturnsTrue" classname="libraries.LibraryTest" time="0.001"/>
  <system-out><![CDATA[]]></system-out>
  <system-err><![CDATA[]]></system-err>
</testsuite>
